<?xml version="1.0" encoding="UTF-8"?>
<Site BuildName="(empty)"
	BuildStamp="20250320-0720-Experimental"
	Name="Petter"
	Generator="ctest-3.16.3"
	CompilerName="/usr/bin/g++"
	CompilerVersion="9.4.0"
	OSName="Linux"
	Hostname="Petter"
	OSRelease="5.15.0-134-generic"
	OSVersion="#145~20.04.1-Ubuntu SMP Mon Feb 17 13:27:16 UTC 2025"
	OSPlatform="x86_64"
	Is64Bits="1"
	VendorString="GenuineIntel"
	VendorID="Intel Corporation"
	FamilyID="6"
	ModelID="165"
	ProcessorCacheSize="12288"
	NumberOfLogicalCPU="5"
	NumberOfPhysicalCPU="5"
	TotalVirtualMemory="2047"
	TotalPhysicalMemory="5880"
	LogicalProcessorsPerPhysical="1"
	ProcessorClockFrequency="2592"
	>
	<Testing>
		<StartDateTime>Mar 20 10:40 CET</StartDateTime>
		<StartTestTime>1742463644</StartTestTime>
		<TestList/>
		<EndDateTime>Mar 20 10:40 CET</EndDateTime>
		<EndTestTime>1742463644</EndTestTime>
		<ElapsedMinutes>0</ElapsedMinutes>
	</Testing>
</Site>
